
ROM used:   4918/131056 (4%)
            4918/131056 (4%) including unused fragments

            2.6 Average locations per line
            23.6 Average locations per statement

RAM used:   136/3578 (4%) at main() level
            159/3578 (4%) worst case

Stack used: 2 worst case (2 in main + 0 for interrupts)
Stack size: 30

Lines Stmts  %   Files
----- ----- ---  -----
    3     0   0  $linker.c
   85    31  15  main.c
  438   177  85  spi.h
 1385     0   0  ..\..\..\..\..\..\Program Files (x86)\PICC\devices\18F67J94.h
----- -----
 1911   208 Total

Page ROM  %  RAM    Vol Diff  Functions:
---- --- --- ---    --- ----  ----------
0     68   1    1             @PUTCHAR_1_
0     66   1    1             @PUTCHAR_2_
0     70   1    1             @GETCH_2_
0     72   1    6             @SPI_XFER_1
0     26   0    0     69  1.9  WRITE_ENABLE_OF
0    274   3   17   1156  6.2  WRITE_DATA_NBYTES
0     24   0    0             @const841
0     38   0    4             @PSTRINGCN_808
0     62   1    2             @PRINTF_X_808
0     20   0    0             @const850
0     40   0    3             @DIV88
0    172   2    6             @PRINTF_D_808
0     24   0    0             @const861
0     20   0    0             @const865
0    172   2   17   1045  6.7  READ_DATA_NBYTES
0     48   0    1    123  2.6  READ_CHIP_ID_OF
 Inline         2    233  2.8  set_clock
0    144   1    1    453  4.6  handle_flash_memories
0     42   0    0             @const880
0     40   0    3             @PSTRINGC_808
0     56   1    0             @const885
0     28   0    0             @const886
0     34   0    0             @const887
0     36   0    0             @const888
0     32   0    0             @const889
0     34   0    0             @const890
0     48   0    0             @const891
0     26   0    0             @const897
0     30   0    0             @const898
0     46   0    0             @const899
0     46   0    0             @const900
0     30   0    0             @const901
0     46   0    0             @const902
0     38   0    0             @const903
0     38   0    0             @const904
0     30   0    0             @const913
0     56   1    0             @const914
0     36   0    0             @const920
0     36   0    0             @const921
0     32   0    0             @const922
0     40   0    0             @const924
0     54   1    0             @const925
0    420   4   18    609  2.9  handle_set_time
0     18   0    0             @BCD2BYTE
0     14   0    0             @const930
0     34   0    0             @const931
0    102   1    2             @PRINTF_U_808
0     34   0    0             @const935
0     36   0    0             @BYTE2BCD
0     46   0    0             @const937
0     34   0    0             @const938
0    110   1    1    388  5.0  handle_io_control
0     20   0    0             @const941
0     34   0    0             @const942
0     34   0    0             @const943
0     34   0    0             @const944
0     38   0    0             @const945
0    312   3    1   1167  5.7  main_menu
0     46   0    0             @const948
0     38   0    0             @const949
0     40   0    0             @const950
0     44   0    0             @const951
0     36   0    0             @const952
0     32   0    0             @const953
0     30   0    0             @const954
0     46   0    0             @const955
0     32   0    0             @const956
0     38   0    0             @const957
0     28   0    0             @const958
0     26   0    0             @const959
0     30   0    0             @const960
0     46   0    0             @const961
0     36   0    0             @const962
0     42   0    1             @delay_ms3
0    544   6   29   1180  6.3  MAIN
0     16   0    0             @const976
0     42   0    3             @PSTRINGC_804
0     12   0    0             @const978
0     12   0    0             @const981
0     22   0    0             @const986
0     12   0    0             @const987
0     26   0    0             @const988
0     14   0    0             @const989
0     28   0    0             @const993
 Inline         0             @cinit1

Program metrics:
    Functions               10
    Statements              208
    Comments                9
    Volume (V)              9825
    Difficulty (D)          39.8
    Effort to implement (E) 390562
    Time to implement (T)   6 hours, 2 minutes
    Est Delivered Bugs (B)  2
    Cyclomatic Complexity   26
    Maintainability (MI)    135

 Segment     Used  Free
-----------  ----  ----
00000-00004     6  0  
00006-0FFFE  4912  60618  
10000-1FFEE     0  65520  



