
ROM used:   12610/131056 (10%)
            12610/131056 (10%) including unused fragments

            5.3 Average locations per line
            24.1 Average locations per statement

RAM used:   130/3578 (4%) at main() level
            459/3578 (13%) worst case

Stack used: 3 worst case (3 in main + 0 for interrupts)
Stack size: 30

Lines Stmts  %   Files
----- ----- ---  -----
    3     0   0  $linker.c
   96    47   9  main.c
  888   477  91  main.h
 1385     0   0  ..\..\..\..\..\..\Program Files (x86)\PICC\devices\18F67J94.h
----- -----
 2372   524 Total

Page ROM  %  RAM    Vol Diff  Functions:
---- --- --- ---    --- ----  ----------
0     40   0    1             @delay_ms1
0     72   0    1             @GETCH_1_
0     70   0    1             @PUTCHAR_2_
0     74   0    1             @GETCH_2_
0     76   0    6             @SPI_XFER_1
0     76   0    6             @SPI_XFER_3
0     76   0    6             @SPI_XFER_4
0     30   0    0     69  1.9  WRITE_ENABLE_OF
0     38   0    0    108  2.1  WRITE_ENABLE_OF_COM
0     38   0    0    108  2.1  WRITE_ENABLE_OF_ADCS
0    360   1   17   1181  7.3  WRITE_DATA_NBYTES
0     24   0    0             @const846
0     48   0    4             @PSTRINGCN_808
0     70   0    2             @PRINTF_X_808
0     28   0    0             @const855
0     44   0    3             @DIV88
0    188   1    6             @PRINTF_D_808
0    362   1   17   1219  6.2  WRITE_DATA_NBYTES_COM
0     32   0    0             @const866
0     28   0    0             @const870
0    376   1   17   1219  6.2  WRITE_DATA_NBYTES_ADCS
0     32   0    0             @const875
0     28   0    0             @const879
0    224   1  271   1110  7.3  READ_DATA_NBYTES
0    238   1  271   1173  7.2  READ_DATA_NBYTES_COM
0    238   1  271   1173  7.2  READ_DATA_NBYTES_ADCS
0    122   0   11    325  4.2  READ_CHIP_ID_OF
0    132   1   11    377  4.2  READ_CHIP_ID_OF_COM
0    136   1   11    377  4.2  READ_CHIP_ID_OF_ADCS
0    106   0    1    428  1.9  startup_freeze
0     12   0    0             @const924
0     40   0    3             @PSTRINGC_808
0     30   0    0             @const929
0     98   0    9    136  2.5  RTC_initialize
0     18   0    0             @BCD2BYTE
0     22   0    0             @const933
0     24   0    1    117  3.0  uart_repeater
0    222   1    1    459  3.7  update_shutdown_count
0     24   0    0             @const937
0     26   0    0             @const939
0    110   0    2             @PRINTF_U_808
0     32   0    0             @const943
0     30   0    0             @const944
 Inline         2    233  2.8  set_clock
0    374   1  267    765  7.4  write_to_main_flash_menu
0     34   0    0             @const953
0     92   0   14             @MUL3232
0     28   0    0             @SCANF_WS
0    272   1   11             @SCANF_X32_810
0     44   0    0             @const962
0    208   1    8             @SCANF_X8_810
0     42   0    0             @const967
0     34   0    0             @const968
0     12   0    0             @const969
0     30   0    0             @const971
0    414   2   40    937  7.6  handle_main_flash_memory
0     26   0    0             @const977
0     30   0    0             @const978
0     46   0    0             @const979
0     46   0    0             @const980
0     30   0    0             @const981
0     46   0    0             @const982
0     36   0    0             @const983
0     60   0    0             @const984
0     76   0    2             @MUL88
0    198   1    9             @SCANF_DUO8_810
0     30   0    0             @const993
0     58   0    0             @const994
0     54   0    0             @const995
0    278   1    1    828  4.7  handle_flash_memories
0     42   0    0             @const998
0     56   0    0             @const999
0     28   0    0             @const1000
0     34   0    0             @const1001
0     36   0    0             @const1002
0     36   0    0             @const1003
0     36   0    0             @const1004
0     30   0    0             @const1005
0     34   0    0             @const1006
0     32   0    0             @const1007
0     34   0    0             @const1008
0     34   0    0             @const1009
0     34   0    0             @const1010
0     48   0    0             @const1011
0    834   3   19   1320  6.3  handle_set_time
0     24   0    0             @const1014
0     68   0    0             @const1015
0     36   0    0             @const1016
0     14   0    0             @const1019
0     34   0    0             @const1020
0     34   0    0             @const1021
0     36   0    0             @BYTE2BCD
0     46   0    0             @const1023
0     34   0    0             @const1024
0     34   0    0             @const1025
0     38   0    0             @const1026
0    936   4    2   4540  6.9  handle_io_control
0     20   0    0             @const1030
0     48   0    0             @const1031
0      6   0    0             @const1032
0      6   0    0             @const1033
0     10   0    0             @const1034
0     48   0    0             @const1035
0      6   0    0             @const1036
0      6   0    0             @const1037
0     10   0    0             @const1038
0     50   0    0             @const1039
0      6   0    0             @const1040
0      6   0    0             @const1041
0     10   0    0             @const1042
0     48   0    0             @const1043
0      6   0    0             @const1044
0      6   0    0             @const1045
0     10   0    0             @const1046
0     46   0    0             @const1047
0      6   0    0             @const1048
0      6   0    0             @const1049
0     10   0    0             @const1050
0     48   0    0             @const1051
0      6   0    0             @const1052
0      6   0    0             @const1053
0     10   0    0             @const1054
0     46   0    0             @const1055
0      6   0    0             @const1056
0      6   0    0             @const1057
0     10   0    0             @const1058
0     46   0    0             @const1059
0      6   0    0             @const1060
0      6   0    0             @const1061
0     10   0    0             @const1062
0     44   0    0             @const1063
0      6   0    0             @const1064
0      6   0    0             @const1065
0     10   0    0             @const1066
0     30   0    0             @const1067
0     38   0    0             @const1068
0    404   2    1   1383  5.8  main_menu
0     70   0    0             @const1071
0     70   0    0             @const1072
0     70   0    0             @const1073
0     70   0    0             @const1074
0     70   0    0             @const1075
0     70   0    0             @const1076
0     70   0    0             @const1077
0     70   0    0             @const1078
0     70   0    0             @const1079
0     46   0    0             @const1080
0     40   0    0             @const1081
0     44   0    0             @const1082
0     36   0    0             @const1083
0     30   0    0             @const1084
0     36   0    0             @const1085
0     30   0    0             @const1086
0     46   0    0             @const1087
0     28   0    0             @const1088
0     36   0    0             @const1089
0    852   3    4   1875  5.5  MAIN
0     26   0    0             @const1100
0     24   0    0             @const1101
0     26   0    0             @const1102
0     22   0    0             @const1103
0     46   0    0             @const1104
0     44   0    0             @const1108
0     46   0    0             @const1112
0     28   0    0             @const1116
 Inline         0             @cinit1

Program metrics:
    Functions               24
    Statements              524
    Comments                9
    Volume (V)              35439
    Difficulty (D)          109.3
    Effort to implement (E) 3873626
    Time to implement (T)   59 hours, 47 minutes
    Est Delivered Bugs (B)  8
    Cyclomatic Complexity   76
    Maintainability (MI)    123

 Segment     Used  Free
-----------  ----  ----
00000-00004     6  0  
00006-0FFFE  12604  52926  
10000-1FFEE     0  65520  



